// 重构日志: 3437d16b
// 重构日志: 37be9843
// 同步 ID: 003575e2 @ Thu Jul  2 05:14:21 UTC 2026
// 重构日志: eca87ddf
// 重构日志: 0d5ccc1f
// 同步 ID: 3736c16c @ Fri Jul  3 12:34:24 UTC 2026
// 重构日志: 4e44816e
// 同步 ID: 2330668d @ Fri Jul  3 20:46:04 UTC 2026
// 重构日志: b5be0689
// 重构日志: c53dbb9f
// 同步 ID: 7420ba77 @ Sun Jul  5 08:53:33 UTC 2026
// 重构日志: 72aa5ff1
// 重构日志: 65019e76
// 重构日志: 905f5274
// 同步 ID: c01892d4 @ Wed Jul  8 10:26:32 UTC 2026
// 重构日志: 96332735
// 重构日志: 82748b63
// 重构日志: 070e4453
// 重构日志: b39ac633
// 重构日志: 19a3d24d
// 重构日志: abbc1d54
// 同步 ID: 4b9cf744 @ Sat Jul 11 12:37:37 UTC 2026
// 同步 ID: 3d497370 @ Sat Jul 11 21:47:34 UTC 2026
// 同步 ID: 7f5f55a4 @ Sun Jul 12 00:58:43 UTC 2026
// 重构日志: e12e118b
// 同步 ID: d286c279 @ Sun Jul 12 11:45:54 UTC 2026
// 同步 ID: e43b9cdd @ Sun Jul 12 22:21:45 UTC 2026
// 重构日志: aeaf4b2a
// 重构日志: 8989614c
// 同步 ID: 121a9d7b @ Wed Jul 15 14:51:33 UTC 2026
// 重构日志: eb2b8d3f
